Arguments: 
  /usr/local/bin/node /usr/local/bin/yarn add @fortawesome/fontawesome--free --dev

PATH: 
  /usr/local/sbin:/usr/local/opt/php@7.4/sbin:/usr/local/opt/php@7.4/bin:/usr/local/opt/php@7.4/sbin:/usr/local/opt/php@7.4/bin:/usr/local/opt/php@7.4/sbin:/usr/local/opt/php@7.4/bin:/usr/local/opt/php@7.3/sbin:/usr/local/opt/php@7.3/bin:/usr/local/bin:/usr/bin:/bin:/usr/sbin:/sbin:/Library/Apple/usr/bin:/usr/local/sbin:/usr/local/opt/php@7.4/sbin:/usr/local/opt/php@7.4/bin:/usr/local/opt/php@7.3/sbin:/usr/local/opt/php@7.3/bin

Yarn version: 
  1.22.17

Node version: 
  14.15.4

Platform: 
  darwin x64

Trace: 
  Error: https://registry.yarnpkg.com/@fortawesome%2ffontawesome--free: Not found
      at Request.params.callback [as _callback] (/usr/local/lib/node_modules/yarn/lib/cli.js:67029:18)
      at Request.self.callback (/usr/local/lib/node_modules/yarn/lib/cli.js:140883:22)
      at Request.emit (events.js:315:20)
      at Request.<anonymous> (/usr/local/lib/node_modules/yarn/lib/cli.js:141855:10)
      at Request.emit (events.js:315:20)
      at IncomingMessage.<anonymous> (/usr/local/lib/node_modules/yarn/lib/cli.js:141777:12)
      at Object.onceWrapper (events.js:421:28)
      at IncomingMessage.emit (events.js:327:22)
      at endReadableNT (internal/streams/readable.js:1327:12)
      at processTicksAndRejections (internal/process/task_queues.js:80:21)

npm manifest: 
  {
    "dependencies": {
      "bootstrap": "^5.2.3"
    }
  }

yarn manifest: 
  No manifest

Lockfile: 
  # THIS IS AN AUTOGENERATED FILE. DO NOT EDIT THIS FILE DIRECTLY.
  # yarn lockfile v1
  
  
  bootstrap@^5.2.3:
    version "5.2.3"
    resolved "https://registry.yarnpkg.com/bootstrap/-/bootstrap-5.2.3.tgz#54739f4414de121b9785c5da3c87b37ff008322b"
    integrity sha512-cEKPM+fwb3cT8NzQZYEu4HilJ3anCrWqh3CHAok1p9jXqMPsPTBhU25fBckEJHJ/p+tTxTFTsFQGM+gaHpi3QQ==
